#
# A fatal error has been detected by the Java Runtime Environment:
#
#  EXCEPTION_ACCESS_VIOLATION (0xc0000005) at pc=0x0226670b, pid=6916, tid=5788
#
# JRE version: 6.0_17-b04
# Java VM: Java HotSpot(TM) Client VM (14.3-b01 mixed mode windows-x86 )
# Problematic frame:
# V  [jvm.dll+0x9670b]
#
# If you would like to submit a bug report, please visit:
#   http://java.sun.com/webapps/bugreport/crash.jsp
#

---------------  T H R E A D  ---------------

Current thread (0x04528800):  ConcurrentGCThread [stack: 0x366f0000,0x367f0000] [id=5788]

siginfo: ExceptionCode=0xc0000005, reading address 0x00000008

Registers:
EAX=0x26dcd998, EBX=0x26dcce3c, ECX=0x00000000, EDX=0x003e0000
ESP=0x367efc00, EBP=0x367efc0c, ESI=0x367efd20, EDI=0x367efd4c
EIP=0x0226670b, EFLAGS=0x00010246

Top of Stack: (sp=0x367efc00)
0x367efc00:   26dcce3c 26dccde8 26dcce38 367efc20
0x367efc10:   0233a613 26dcd998 367efd20 367efd9c
0x367efc20:   367efc3c 022622fa 00000016 367efd20
0x367efc30:   26dc6200 00001c00 003fb99b 367efc60
0x367efc40:   022668d2 367efd20 26dc6200 00001c00
0x367efc50:   367efd9c 26dccde8 26dc6200 00000000
0x367efc60:   367efc80 0224dc3d 044e79ac 26dc6200
0x367efc70:   00001c00 00001c00 007accb0 00007000 

Instructions: (pc=0x0226670b)
0x022666fb:   89 48 3c 8b 40 38 8b 04 88 eb 02 33 c0 8b 48 04
0x0226670b:   8b 51 08 83 c1 08 57 50 ff 92 0c 01 00 00 8a 46 


Stack: [0x366f0000,0x367f0000],  sp=0x367efc00,  free space=1023k
Native frames: (J=compiled Java code, j=interpreted, Vv=VM code, C=native code)
V  [jvm.dll+0x9670b]
V  [jvm.dll+0x16a613]
V  [jvm.dll+0x922fa]
V  [jvm.dll+0x968d2]
V  [jvm.dll+0x7dc3d]
V  [jvm.dll+0x97fef]
V  [jvm.dll+0x992e4]
V  [jvm.dll+0x99b6d]
V  [jvm.dll+0x9a477]
V  [jvm.dll+0x9b72d]
C  [MSVCR71.dll+0xb381]
C  [KERNEL32.DLL+0x17c04]
C  [ntdll.dll+0x5ab8f]
C  [ntdll.dll+0x5ab5a]


---------------  P R O C E S S  ---------------

Java Threads: ( => current thread )
  0x3a583800 JavaThread "pool-1-thread-2" [_thread_blocked, id=5828, stack(0x3b7d0000,0x3b8d0000)]
  0x3a583400 JavaThread "pool-1-thread-1" [_thread_blocked, id=2076, stack(0x3b690000,0x3b790000)]
  0x3a582800 JavaThread "Worker-6" [_thread_blocked, id=8092, stack(0x3b550000,0x3b650000)]
  0x3a581c00 JavaThread "Worker-5" [_thread_in_vm, id=6648, stack(0x39180000,0x39280000)]
  0x3a582000 JavaThread "Worker-4" [_thread_blocked, id=4272, stack(0x39040000,0x39140000)]
  0x3a580400 JavaThread "Worker-3" [_thread_blocked, id=8584, stack(0x38f00000,0x39000000)]
  0x3a582c00 JavaThread "Bundle File Closer" daemon [_thread_blocked, id=5632, stack(0x3b200000,0x3b300000)]
  0x37a50000 JavaThread "Worker-2" [_thread_blocked, id=5056, stack(0x3a2a0000,0x3a3a0000)]
  0x37927000 JavaThread "Worker-1" [_thread_in_Java, id=4332, stack(0x3a160000,0x3a260000)]
  0x37955800 JavaThread "Worker-0" [_thread_blocked, id=2868, stack(0x38c60000,0x38d60000)]
  0x369e6800 JavaThread "Worker-JM" [_thread_blocked, id=6872, stack(0x38510000,0x38610000)]
  0x376f1800 JavaThread "Framework Event Dispatcher" daemon [_thread_blocked, id=8500, stack(0x37fd0000,0x380d0000)]
  0x376f1400 JavaThread "Start Level Event Dispatcher" daemon [_thread_blocked, id=6604, stack(0x37d90000,0x37e90000)]
  0x36946800 JavaThread "State Data Manager" daemon [_thread_blocked, id=6608, stack(0x37c50000,0x37d50000)]
  0x36945c00 JavaThread "Framework Active Thread" [_thread_blocked, id=764, stack(0x37b10000,0x37c10000)]
  0x36895400 JavaThread "Low Memory Detector" daemon [_thread_blocked, id=4284, stack(0x372f0000,0x373f0000)]
  0x36887000 JavaThread "CompilerThread0" daemon [_thread_blocked, id=6448, stack(0x371b0000,0x372b0000)]
  0x36886c00 JavaThread "Attach Listener" daemon [_thread_blocked, id=936, stack(0x37070000,0x37170000)]
  0x36886400 JavaThread "Signal Dispatcher" daemon [_thread_blocked, id=4816, stack(0x36f30000,0x37030000)]
  0x36885c00 JavaThread "Surrogate Locker Thread (CMS)" daemon [_thread_blocked, id=5988, stack(0x36df0000,0x36ef0000)]
  0x3686a000 JavaThread "Finalizer" daemon [_thread_blocked, id=6808, stack(0x36cb0000,0x36db0000)]
  0x36864400 JavaThread "Reference Handler" daemon [_thread_blocked, id=7260, stack(0x36b70000,0x36c70000)]
  0x007a9400 JavaThread "main" [_thread_in_Java, id=6232, stack(0x00090000,0x00190000)]

Other Threads:
  0x36860c00 VMThread [stack: 0x36a30000,0x36b30000] [id=7448]
  0x3689ec00 WatcherThread [stack: 0x37430000,0x37530000] [id=1392]

=>0x04528800 (exited) ConcurrentGCThread [stack: 0x366f0000,0x367f0000] [id=5788]

VM state:not at safepoint (normal execution)

VM Mutex/Monitor currently owned by a thread:  ([mutex/lock_event])
[0x007a7ab8] Heap_lock - owner thread: 0x3a581c00

Heap
 par new generation   total 14784K, used 3042K [0x048a0000, 0x058a0000, 0x07000000)
  eden space 13184K,  12% used [0x048a0000, 0x04a2d360, 0x05580000)
  from space 1600K,  90% used [0x05710000, 0x0587b5c8, 0x058a0000)
  to   space 1600K,   0% used [0x05580000, 0x05580000, 0x05710000)
 concurrent mark-sweep generation total 45056K, used 10385K [0x07000000, 0x09c00000, 0x248a0000)
 concurrent-mark-sweep perm gen total 38508K, used 37931K [0x248a0000, 0x26e3b000, 0x348a0000)

Dynamic libraries:
0x00400000 - 0x0040d000 	C:\CooCox\CoIDE\CoIDE.exe
0x77e50000 - 0x77fbf000 	C:\Windows\SYSTEM32\ntdll.dll
0x77c40000 - 0x77d80000 	C:\Windows\SYSTEM32\KERNEL32.DLL
0x75a20000 - 0x75af7000 	C:\Windows\SYSTEM32\KERNELBASE.dll
0x6da30000 - 0x6da5f000 	C:\Program Files (x86)\AVG\Antivirus\aswhookx.dll
0x774e0000 - 0x77633000 	C:\Windows\SYSTEM32\USER32.dll
0x67840000 - 0x678c9000 	C:\Windows\WinSxS\x86_microsoft.windows.common-controls_6595b64144ccf1df_5.82.9600.17810_none_7c5b6194aa0716f1\COMCTL32.dll
0x75640000 - 0x75703000 	C:\Windows\SYSTEM32\MSVCRT.dll
0x77980000 - 0x77a8e000 	C:\Windows\SYSTEM32\GDI32.dll
0x75c10000 - 0x75c8c000 	C:\Windows\SYSTEM32\ADVAPI32.dll
0x75b60000 - 0x75ba1000 	C:\Windows\SYSTEM32\sechost.dll
0x77690000 - 0x7774a000 	C:\Windows\SYSTEM32\RPCRT4.dll
0x771b0000 - 0x771ce000 	C:\Windows\SYSTEM32\SspiCli.dll
0x75630000 - 0x7563a000 	C:\Windows\SYSTEM32\CRYPTBASE.dll
0x755d0000 - 0x75624000 	C:\Windows\SYSTEM32\bcryptPrimitives.dll
0x77950000 - 0x77977000 	C:\Windows\system32\IMM32.DLL
0x77a90000 - 0x77ba2000 	C:\Windows\SYSTEM32\MSCTF.dll
0x72000000 - 0x7200d000 	C:\CooCox\CoIDE\plugins\org.eclipse.equinox.launcher.win32.win32.x86_1.1.100.v20110502\eclipse_1406.dll
0x755c0000 - 0x755c8000 	C:\Windows\SYSTEM32\VERSION.dll
0x021d0000 - 0x0245b000 	C:\CooCox\CoIDE\jre\bin\client\jvm.dll
0x6cd60000 - 0x6cd83000 	C:\Windows\SYSTEM32\WINMM.dll
0x7c360000 - 0x7c3b6000 	C:\Windows\SYSTEM32\MSVCR71.dll
0x6cd30000 - 0x6cd53000 	C:\Windows\SYSTEM32\WINMMBASE.dll
0x75710000 - 0x7574c000 	C:\Windows\SYSTEM32\cfgmgr32.dll
0x754f0000 - 0x75511000 	C:\Windows\SYSTEM32\DEVOBJ.dll
0x69570000 - 0x69610000 	C:\Windows\system32\apphelp.dll
0x6d7b0000 - 0x6d7bc000 	C:\CooCox\CoIDE\jre\bin\verify.dll
0x6d330000 - 0x6d34f000 	C:\CooCox\CoIDE\jre\bin\java.dll
0x6d290000 - 0x6d298000 	C:\CooCox\CoIDE\jre\bin\hpi.dll
0x75910000 - 0x75916000 	C:\Windows\SYSTEM32\PSAPI.DLL
0x6d7f0000 - 0x6d7ff000 	C:\CooCox\CoIDE\jre\bin\zip.dll
0x742d0000 - 0x742e9000 	C:\Windows\SYSTEM32\CRYPTSP.dll
0x742a0000 - 0x742d0000 	C:\Windows\system32\rsaenh.dll
0x74280000 - 0x7429e000 	C:\Windows\SYSTEM32\bcrypt.dll
0x74550000 - 0x7456b000 	C:\Windows\SYSTEM32\USERENV.dll
0x74530000 - 0x7453f000 	C:\Windows\SYSTEM32\profapi.dll
0x6d610000 - 0x6d623000 	C:\CooCox\CoIDE\jre\bin\net.dll
0x75b00000 - 0x75b4f000 	C:\Windows\SYSTEM32\WS2_32.dll
0x75ce0000 - 0x75ce7000 	C:\Windows\SYSTEM32\NSI.dll
0x6f520000 - 0x6f56b000 	C:\Windows\system32\mswsock.dll
0x6cee0000 - 0x6cef1000 	C:\Windows\system32\napinsp.dll
0x6cec0000 - 0x6ced6000 	C:\Windows\system32\pnrpnsp.dll
0x6cea0000 - 0x6ceb4000 	C:\Windows\system32\NLAapi.dll
0x747d0000 - 0x7484e000 	C:\Windows\SYSTEM32\DNSAPI.dll
0x6ce90000 - 0x6ce9a000 	C:\Windows\System32\winrnr.dll
0x6ce80000 - 0x6ce90000 	C:\Windows\system32\wshbth.dll
0x6cc70000 - 0x6cc78000 	C:\Windows\System32\rasadhlp.dll
0x747b0000 - 0x747d0000 	C:\Windows\SYSTEM32\IPHLPAPI.DLL
0x74540000 - 0x74548000 	C:\Windows\SYSTEM32\WINNSI.DLL
0x6cc80000 - 0x6ccc6000 	C:\Windows\System32\fwpuclnt.dll
0x6cd90000 - 0x6ce7d000 	C:\Windows\system32\uxtheme.dll
0x77360000 - 0x774dd000 	C:\Windows\SYSTEM32\combase.dll
0x77770000 - 0x77899000 	C:\Windows\system32\ole32.dll
0x74310000 - 0x74319000 	C:\Windows\SYSTEM32\kernel.appcore.dll
0x6d630000 - 0x6d639000 	C:\CooCox\CoIDE\jre\bin\nio.dll
0x77120000 - 0x771ad000 	C:\Windows\SYSTEM32\clbcatq.dll
0x38610000 - 0x3867e000 	C:\CooCox\CoIDE\configuration\org.eclipse.osgi\bundles\131\1\.cp\swt-win32-3740.dll
0x75920000 - 0x759b7000 	C:\Windows\SYSTEM32\OLEAUT32.dll
0x778a0000 - 0x7793b000 	C:\Windows\SYSTEM32\comdlg32.dll
0x75550000 - 0x755b5000 	C:\Windows\SYSTEM32\WINSPOOL.DRV
0x68480000 - 0x68686000 	C:\Windows\WinSxS\x86_microsoft.windows.common-controls_6595b64144ccf1df_6.0.9600.18006_none_a9ec6aab013aafee\COMCTL32.dll
0x75e60000 - 0x7711b000 	C:\Windows\SYSTEM32\SHELL32.dll
0x6de80000 - 0x6de96000 	C:\Windows\SYSTEM32\USP10.dll
0x749e0000 - 0x74c8b000 	C:\Windows\SYSTEM32\WININET.dll
0x771d0000 - 0x77358000 	C:\Windows\SYSTEM32\CRYPT32.dll
0x75c90000 - 0x75cd5000 	C:\Windows\SYSTEM32\SHLWAPI.dll
0x74570000 - 0x747a4000 	C:\Windows\SYSTEM32\iertutil.dll
0x77680000 - 0x7768e000 	C:\Windows\SYSTEM32\MSASN1.dll
0x731d0000 - 0x7325b000 	C:\Windows\SYSTEM32\SHCORE.DLL
0x6dfb0000 - 0x6dfca000 	C:\Windows\system32\dwmapi.dll
0x68340000 - 0x6847a000 	C:\Windows\SYSTEM32\propsys.dll
0x386d0000 - 0x386ed000 	C:\CooCox\CoIDE\configuration\org.eclipse.osgi\bundles\131\1\.cp\swt-gdip-win32-3740.dll
0x387f0000 - 0x38960000 	C:\Windows\WinSxS\x86_microsoft.windows.gdiplus_6595b64144ccf1df_1.1.9600.18592_none_dae0ba965bc4a8dc\gdiplus.dll
0x5cfc0000 - 0x5d12b000 	C:\Windows\SYSTEM32\WindowsCodecs.dll
0x62010000 - 0x622ab000 	C:\Windows\system32\explorerframe.dll
0x63a10000 - 0x63a8f000 	C:\Windows\system32\DUser.dll
0x61ea0000 - 0x62009000 	C:\Windows\system32\DUI70.dll
0x6df60000 - 0x6dfb0000 	C:\Windows\SYSTEM32\oleacc.dll
0x6f5a0000 - 0x6f5a6000 	C:\Windows\SYSTEM32\msimg32.dll
0x673c0000 - 0x673cc000 	C:\CooCox\CoIDE\bin\jRegistryKey.dll
0x6c2c0000 - 0x6c322000 	C:\Users\Micha³\AppData\Local\Temp\libsqlitejdbc-5667927402815296383.lib
0x64d00000 - 0x65a0b000 	C:\Windows\SYSTEM32\ieframe.dll
0x64bb0000 - 0x64cfb000 	C:\Windows\SYSTEM32\urlmon.dll
0x6cf80000 - 0x6cffe000 	C:\Windows\SYSTEM32\sxs.dll
0x3be70000 - 0x3d2d2000 	C:\Windows\SYSTEM32\mshtml.dll
0x70980000 - 0x7098a000 	C:\Windows\SYSTEM32\Secur32.dll
0x572c0000 - 0x572f3000 	C:\Windows\system32\mlang.dll
0x67760000 - 0x6776e000 	C:\Windows\system32\msimtf.dll
0x70810000 - 0x70850000 	C:\Windows\SYSTEM32\powrprof.dll
0x66580000 - 0x665e9000 	C:\Windows\SYSTEM32\dxgi.dll
0x6f880000 - 0x6f88a000 	C:\Windows\SYSTEM32\ondemandconnroutehelper.dll
0x74850000 - 0x748ee000 	C:\Windows\SYSTEM32\winhttp.dll
0x50910000 - 0x50cf6000 	C:\Windows\SYSTEM32\d2d1.dll
0x68c30000 - 0x68db2000 	C:\Windows\SYSTEM32\DWrite.dll
0x5cce0000 - 0x5ceb9000 	C:\Windows\SYSTEM32\d3d11.dll
0x570a0000 - 0x572b8000 	C:\Windows\SYSTEM32\d3d10warp.dll
0x3ed00000 - 0x3ed0e000 	C:\CooCox\CoIDE\configuration\org.eclipse.osgi\bundles\87\1\.cp\os\win32\x86\localfile_1_0_0.dll

VM Arguments:
jvm_args: -Xms60m -Xmx512m -XX:+UseConcMarkSweepGC -XX:+CMSClassUnloadingEnabled -XX:MaxPermSize=256M 
java_command: <unknown>
Launcher Type: generic

Environment Variables:
PATH=C:/CooCox/CoIDE/jre/bin/client;C:/CooCox/CoIDE/jre/bin;C:/CooCox/CoIDE/jre/lib/i386;C:\ProgramData\Oracle\Java\javapath;C:\Windows\system32;C:\Windows;C:\Windows\System32\Wbem;C:\Windows\System32\WindowsPowerShell\v1.0\;C:\Program Files (x86)\NVIDIA Corporation\PhysX\Common;C:\Windows\system32\config\systemprofile\.dnx\bin;C:\Program Files\Microsoft DNX\Dnvm\;C:\Program Files (x86)\Windows Kits\8.1\Windows Performance Toolkit\;C:\Program Files (x86)\Skype\Phone\;C:\CooCox\CoIDE\gcc\bin;C:\Program Files\Microsoft SQL Server\110\DTS\Binn\;C:\Program Files (x86)\Microsoft SQL Server\110\Tools\Binn\;C:\Program Files\Microsoft SQL Server\110\Tools\Binn\;C:\Program Files (x86)\Microsoft SQL Server\110\Tools\Binn\ManagementStudio\;C:\Program Files (x86)\Microsoft Visual Studio 10.0\Common7\IDE\PrivateAssemblies\;C:\Program Files (x86)\Microsoft SQL Server\110\DTS\Binn\;C:\Users\Micha³\AppData\Local\Programs\Python\Python35\Scripts\;C:\Users\Micha³\AppData\Local\Programs\Python\Python35\;C:\Program Files (x86)\GNU Tools ARM Embedded\5.4 2016q3\bin;C:\GnuWin32\bin;C:\Dev-Cpp\bin;C:\Program Files (x86)\Common Files\Hilscher GmbH\TLRDecode;C:\CooCox\CoIDE\workspace\GitHub\STForecastDisplay;
USERNAME=Micha³
OS=Windows_NT
PROCESSOR_IDENTIFIER=Intel64 Family 6 Model 61 Stepping 4, GenuineIntel



---------------  S Y S T E M  ---------------

OS: Windows NT 6.2 Build 9200 

CPU:total 4 (8 cores per cpu, 2 threads per core) family 6 model 61 stepping 4, cmov, cx8, fxsr, mmx, sse, sse2, sse3, ssse3, sse4.1, sse4.2, ht

Memory: 4k page, physical 4194303k(2300704k free), swap 4194303k(2742256k free)

vm_info: Java HotSpot(TM) Client VM (14.3-b01) for windows-x86 JRE (1.6.0_17-b04), built on Oct 11 2009 00:52:06 by "java_re" with MS VC++ 7.1

time: Sun Apr 23 14:19:11 2017
elapsed time: 15 seconds

